<?xml version="1.0" encoding="UTF-8"?>
<testng-results ignored="0" total="1" passed="1" failed="0" skipped="0">
  <reporter-output>
  </reporter-output>
  <suite started-at="2025-10-11T15:16:16 IST" name="Default suite" finished-at="2025-10-11T15:16:21 IST" duration-ms="5004">
    <groups>
    </groups>
    <test started-at="2025-10-11T15:16:16 IST" name="Default test" finished-at="2025-10-11T15:16:21 IST" duration-ms="5004">
      <class name="extentreports.ToLearnAddingScreenshot">
        <test-method signature="addScreenshot()[pri:0, instance:extentreports.ToLearnAddingScreenshot@293a5bf6]" started-at="2025-10-11T15:16:16 IST" name="addScreenshot" finished-at="2025-10-11T15:16:21 IST" duration-ms="4960" status="PASS">
          <reporter-output>
          </reporter-output>
        </test-method> <!-- addScreenshot -->
      </class> <!-- extentreports.ToLearnAddingScreenshot -->
    </test> <!-- Default test -->
  </suite> <!-- Default suite -->
</testng-results>
